<?xml version="1.0" encoding="UTF-8"?>
<testng-results skipped="0" failed="0" ignored="0" total="1" passed="1">
  <reporter-output>
  </reporter-output>
  <suite name="Default suite" duration-ms="57928" started-at="2020-07-13T18:09:52Z" finished-at="2020-07-13T18:10:49Z">
    <groups>
    </groups>
    <test name="Default test" duration-ms="57928" started-at="2020-07-13T18:09:52Z" finished-at="2020-07-13T18:10:49Z">
      <class name="com.selenium.tests.PositiveTestCases">
        <test-method status="PASS" signature="test1()[pri:0, instance:com.selenium.tests.PositiveTestCases@1593948d]" name="test1" duration-ms="57885" started-at="2020-07-13T23:39:52Z" finished-at="2020-07-13T23:40:49Z">
          <reporter-output>
          </reporter-output>
        </test-method> <!-- test1 -->
      </class> <!-- com.selenium.tests.PositiveTestCases -->
    </test> <!-- Default test -->
  </suite> <!-- Default suite -->
</testng-results>
